{"C:\\Users\\runef\\Documents\\GitHub\\WebApp-p2\\Web2\\public\\javascripts\\leveling.js": {"path":"C:\\Users\\runef\\Documents\\GitHub\\WebApp-p2\\Web2\\public\\javascripts\\leveling.js","statementMap":{"0":{"start":{"line":3,"column":0},"end":{"line":24,"column":1}},"1":{"start":{"line":4,"column":16},"end":{"line":4,"column":36}},"2":{"start":{"line":5,"column":4},"end":{"line":22,"column":5}},"3":{"start":{"line":6,"column":8},"end":{"line":6,"column":23}},"4":{"start":{"line":7,"column":8},"end":{"line":7,"column":37}},"5":{"start":{"line":8,"column":8},"end":{"line":8,"column":48}},"6":{"start":{"line":9,"column":8},"end":{"line":16,"column":9}},"7":{"start":{"line":11,"column":12},"end":{"line":11,"column":61}},"8":{"start":{"line":15,"column":12},"end":{"line":15,"column":57}},"9":{"start":{"line":20,"column":24},"end":{"line":20,"column":29}},"10":{"start":{"line":21,"column":8},"end":{"line":21,"column":53}}},"fnMap":{"0":{"name":"leveling","decl":{"start":{"line":3,"column":35},"end":{"line":3,"column":43}},"loc":{"start":{"line":3,"column":92},"end":{"line":24,"column":1}},"line":3}},"branchMap":{"0":{"loc":{"start":{"line":5,"column":4},"end":{"line":22,"column":5}},"type":"if","locations":[{"start":{"line":5,"column":4},"end":{"line":22,"column":5}},{"start":{"line":5,"column":4},"end":{"line":22,"column":5}}],"line":5},"1":{"loc":{"start":{"line":9,"column":8},"end":{"line":16,"column":9}},"type":"if","locations":[{"start":{"line":9,"column":8},"end":{"line":16,"column":9}},{"start":{"line":9,"column":8},"end":{"line":16,"column":9}}],"line":9}},"s":{"0":1,"1":4,"2":4,"3":3,"4":3,"5":3,"6":3,"7":1,"8":2,"9":1,"10":1},"f":{"0":4},"b":{"0":[3,1],"1":[1,2]},"_coverageSchema":"1a1c01bbd47fc00a2c39e90264f33305004495a9","hash":"16fb4ecbad787e9f6bc30088aea2965ba15a04ee"}
,"C:\\Users\\runef\\Documents\\GitHub\\WebApp-p2\\Web2\\public\\javascripts\\randomMath.js": {"path":"C:\\Users\\runef\\Documents\\GitHub\\WebApp-p2\\Web2\\public\\javascripts\\randomMath.js","statementMap":{"0":{"start":{"line":3,"column":27},"end":{"line":3,"column":56}},"1":{"start":{"line":4,"column":4},"end":{"line":4,"column":28}},"2":{"start":{"line":8,"column":27},"end":{"line":8,"column":84}},"3":{"start":{"line":9,"column":4},"end":{"line":9,"column":28}},"4":{"start":{"line":12,"column":0},"end":{"line":29,"column":1}},"5":{"start":{"line":13,"column":26},"end":{"line":13,"column":61}},"6":{"start":{"line":14,"column":21},"end":{"line":14,"column":22}},"7":{"start":{"line":16,"column":4},"end":{"line":28,"column":5}},"8":{"start":{"line":19,"column":12},"end":{"line":19,"column":30}},"9":{"start":{"line":22,"column":12},"end":{"line":22,"column":32}},"10":{"start":{"line":25,"column":12},"end":{"line":25,"column":32}},"11":{"start":{"line":27,"column":12},"end":{"line":27,"column":30}},"12":{"start":{"line":31,"column":0},"end":{"line":52,"column":1}},"13":{"start":{"line":32,"column":15},"end":{"line":32,"column":16}},"14":{"start":{"line":33,"column":27},"end":{"line":33,"column":45}},"15":{"start":{"line":34,"column":18},"end":{"line":34,"column":20}},"16":{"start":{"line":36,"column":4},"end":{"line":38,"column":5}},"17":{"start":{"line":37,"column":8},"end":{"line":37,"column":66}},"18":{"start":{"line":40,"column":17},"end":{"line":42,"column":9}},"19":{"start":{"line":41,"column":8},"end":{"line":41,"column":25}},"20":{"start":{"line":44,"column":4},"end":{"line":46,"column":5}},"21":{"start":{"line":44,"column":14},"end":{"line":44,"column":15}},"22":{"start":{"line":45,"column":8},"end":{"line":45,"column":36}},"23":{"start":{"line":48,"column":18},"end":{"line":48,"column":34}},"24":{"start":{"line":49,"column":21},"end":{"line":49,"column":22}},"25":{"start":{"line":51,"column":4},"end":{"line":51,"column":46}},"26":{"start":{"line":54,"column":0},"end":{"line":87,"column":1}},"27":{"start":{"line":55,"column":15},"end":{"line":55,"column":16}},"28":{"start":{"line":56,"column":27},"end":{"line":56,"column":45}},"29":{"start":{"line":57,"column":18},"end":{"line":57,"column":20}},"30":{"start":{"line":59,"column":4},"end":{"line":61,"column":5}},"31":{"start":{"line":60,"column":8},"end":{"line":60,"column":66}},"32":{"start":{"line":63,"column":4},"end":{"line":69,"column":7}},"33":{"start":{"line":64,"column":8},"end":{"line":65,"column":22}},"34":{"start":{"line":65,"column":12},"end":{"line":65,"column":22}},"35":{"start":{"line":66,"column":8},"end":{"line":67,"column":21}},"36":{"start":{"line":67,"column":12},"end":{"line":67,"column":21}},"37":{"start":{"line":68,"column":8},"end":{"line":68,"column":17}},"38":{"start":{"line":71,"column":17},"end":{"line":71,"column":27}},"39":{"start":{"line":72,"column":4},"end":{"line":74,"column":5}},"40":{"start":{"line":73,"column":8},"end":{"line":73,"column":36}},"41":{"start":{"line":76,"column":21},"end":{"line":76,"column":50}},"42":{"start":{"line":78,"column":4},"end":{"line":80,"column":5}},"43":{"start":{"line":78,"column":14},"end":{"line":78,"column":15}},"44":{"start":{"line":79,"column":8},"end":{"line":79,"column":36}},"45":{"start":{"line":82,"column":18},"end":{"line":82,"column":34}},"46":{"start":{"line":84,"column":21},"end":{"line":84,"column":22}},"47":{"start":{"line":86,"column":4},"end":{"line":86,"column":46}},"48":{"start":{"line":90,"column":0},"end":{"line":114,"column":1}},"49":{"start":{"line":91,"column":15},"end":{"line":91,"column":16}},"50":{"start":{"line":92,"column":27},"end":{"line":92,"column":28}},"51":{"start":{"line":93,"column":18},"end":{"line":93,"column":20}},"52":{"start":{"line":95,"column":4},"end":{"line":97,"column":5}},"53":{"start":{"line":96,"column":8},"end":{"line":96,"column":49}},"54":{"start":{"line":99,"column":17},"end":{"line":99,"column":27}},"55":{"start":{"line":100,"column":4},"end":{"line":102,"column":5}},"56":{"start":{"line":101,"column":8},"end":{"line":101,"column":36}},"57":{"start":{"line":104,"column":4},"end":{"line":106,"column":5}},"58":{"start":{"line":104,"column":14},"end":{"line":104,"column":15}},"59":{"start":{"line":105,"column":8},"end":{"line":105,"column":36}},"60":{"start":{"line":108,"column":18},"end":{"line":108,"column":34}},"61":{"start":{"line":110,"column":21},"end":{"line":110,"column":22}},"62":{"start":{"line":112,"column":4},"end":{"line":112,"column":46}},"63":{"start":{"line":116,"column":0},"end":{"line":153,"column":1}},"64":{"start":{"line":117,"column":15},"end":{"line":117,"column":16}},"65":{"start":{"line":118,"column":27},"end":{"line":118,"column":28}},"66":{"start":{"line":119,"column":18},"end":{"line":119,"column":20}},"67":{"start":{"line":120,"column":4},"end":{"line":120,"column":10}},"68":{"start":{"line":122,"column":4},"end":{"line":125,"column":5}},"69":{"start":{"line":123,"column":8},"end":{"line":123,"column":51}},"70":{"start":{"line":124,"column":8},"end":{"line":124,"column":13}},"71":{"start":{"line":127,"column":4},"end":{"line":133,"column":7}},"72":{"start":{"line":128,"column":8},"end":{"line":129,"column":22}},"73":{"start":{"line":129,"column":12},"end":{"line":129,"column":22}},"74":{"start":{"line":130,"column":8},"end":{"line":131,"column":21}},"75":{"start":{"line":131,"column":12},"end":{"line":131,"column":21}},"76":{"start":{"line":132,"column":8},"end":{"line":132,"column":17}},"77":{"start":{"line":135,"column":4},"end":{"line":152,"column":5}},"78":{"start":{"line":136,"column":8},"end":{"line":136,"column":32}},"79":{"start":{"line":139,"column":21},"end":{"line":139,"column":44}},"80":{"start":{"line":141,"column":25},"end":{"line":141,"column":48}},"81":{"start":{"line":143,"column":8},"end":{"line":145,"column":9}},"82":{"start":{"line":143,"column":18},"end":{"line":143,"column":19}},"83":{"start":{"line":144,"column":12},"end":{"line":144,"column":40}},"84":{"start":{"line":147,"column":22},"end":{"line":147,"column":38}},"85":{"start":{"line":149,"column":25},"end":{"line":149,"column":26}},"86":{"start":{"line":151,"column":8},"end":{"line":151,"column":50}},"87":{"start":{"line":160,"column":4},"end":{"line":175,"column":5}},"88":{"start":{"line":162,"column":12},"end":{"line":162,"column":74}},"89":{"start":{"line":163,"column":12},"end":{"line":163,"column":18}},"90":{"start":{"line":165,"column":12},"end":{"line":165,"column":77}},"91":{"start":{"line":166,"column":12},"end":{"line":166,"column":18}},"92":{"start":{"line":168,"column":12},"end":{"line":168,"column":80}},"93":{"start":{"line":169,"column":12},"end":{"line":169,"column":18}},"94":{"start":{"line":171,"column":12},"end":{"line":171,"column":74}},"95":{"start":{"line":172,"column":12},"end":{"line":172,"column":18}},"96":{"start":{"line":174,"column":12},"end":{"line":174,"column":44}},"97":{"start":{"line":178,"column":4},"end":{"line":178,"column":47}},"98":{"start":{"line":180,"column":4},"end":{"line":180,"column":24}},"99":{"start":{"line":181,"column":4},"end":{"line":181,"column":37}},"100":{"start":{"line":185,"column":4},"end":{"line":185,"column":56}},"101":{"start":{"line":190,"column":15},"end":{"line":190,"column":16}},"102":{"start":{"line":191,"column":16},"end":{"line":191,"column":17}},"103":{"start":{"line":193,"column":4},"end":{"line":195,"column":7}},"104":{"start":{"line":194,"column":8},"end":{"line":194,"column":55}},"105":{"start":{"line":197,"column":4},"end":{"line":199,"column":7}},"106":{"start":{"line":198,"column":8},"end":{"line":198,"column":55}},"107":{"start":{"line":201,"column":4},"end":{"line":203,"column":7}},"108":{"start":{"line":202,"column":8},"end":{"line":202,"column":55}},"109":{"start":{"line":205,"column":4},"end":{"line":207,"column":7}},"110":{"start":{"line":206,"column":8},"end":{"line":206,"column":55}},"111":{"start":{"line":209,"column":4},"end":{"line":251,"column":7}},"112":{"start":{"line":210,"column":8},"end":{"line":250,"column":9}},"113":{"start":{"line":211,"column":29},"end":{"line":211,"column":68}},"114":{"start":{"line":212,"column":12},"end":{"line":243,"column":13}},"115":{"start":{"line":214,"column":16},"end":{"line":214,"column":39}},"116":{"start":{"line":215,"column":16},"end":{"line":215,"column":69}},"117":{"start":{"line":216,"column":16},"end":{"line":232,"column":17}},"118":{"start":{"line":218,"column":24},"end":{"line":218,"column":74}},"119":{"start":{"line":219,"column":24},"end":{"line":219,"column":30}},"120":{"start":{"line":221,"column":24},"end":{"line":221,"column":75}},"121":{"start":{"line":222,"column":24},"end":{"line":222,"column":30}},"122":{"start":{"line":224,"column":24},"end":{"line":224,"column":75}},"123":{"start":{"line":225,"column":24},"end":{"line":225,"column":30}},"124":{"start":{"line":227,"column":24},"end":{"line":227,"column":78}},"125":{"start":{"line":228,"column":24},"end":{"line":228,"column":30}},"126":{"start":{"line":230,"column":24},"end":{"line":230,"column":75}},"127":{"start":{"line":231,"column":24},"end":{"line":231,"column":30}},"128":{"start":{"line":233,"column":16},"end":{"line":233,"column":88}},"129":{"start":{"line":235,"column":16},"end":{"line":235,"column":61}},"130":{"start":{"line":238,"column":16},"end":{"line":238,"column":90}},"131":{"start":{"line":239,"column":16},"end":{"line":239,"column":24}},"132":{"start":{"line":240,"column":16},"end":{"line":240,"column":46}},"133":{"start":{"line":241,"column":16},"end":{"line":241,"column":55}},"134":{"start":{"line":242,"column":16},"end":{"line":242,"column":61}},"135":{"start":{"line":244,"column":12},"end":{"line":249,"column":13}},"136":{"start":{"line":245,"column":16},"end":{"line":245,"column":118}},"137":{"start":{"line":246,"column":16},"end":{"line":246,"column":26}},"138":{"start":{"line":247,"column":16},"end":{"line":247,"column":66}},"139":{"start":{"line":248,"column":16},"end":{"line":248,"column":61}}},"fnMap":{"0":{"name":"randomDifficulty","decl":{"start":{"line":2,"column":9},"end":{"line":2,"column":25}},"loc":{"start":{"line":2,"column":29},"end":{"line":5,"column":1}},"line":2},"1":{"name":"numberDifficulty","decl":{"start":{"line":7,"column":9},"end":{"line":7,"column":25}},"loc":{"start":{"line":7,"column":29},"end":{"line":10,"column":1}},"line":7},"2":{"name":"CalculateXp","decl":{"start":{"line":12,"column":38},"end":{"line":12,"column":49}},"loc":{"start":{"line":12,"column":87},"end":{"line":29,"column":1}},"line":12},"3":{"name":"randomAdditionProblem","decl":{"start":{"line":31,"column":35},"end":{"line":31,"column":56}},"loc":{"start":{"line":31,"column":60},"end":{"line":52,"column":1}},"line":31},"4":{"name":"(anonymous_4)","decl":{"start":{"line":40,"column":32},"end":{"line":40,"column":33}},"loc":{"start":{"line":40,"column":51},"end":{"line":42,"column":5}},"line":40},"5":{"name":"randomSubtractionProblem","decl":{"start":{"line":54,"column":38},"end":{"line":54,"column":62}},"loc":{"start":{"line":54,"column":66},"end":{"line":87,"column":1}},"line":54},"6":{"name":"(anonymous_6)","decl":{"start":{"line":63,"column":17},"end":{"line":63,"column":18}},"loc":{"start":{"line":63,"column":27},"end":{"line":69,"column":5}},"line":63},"7":{"name":"randomMultiplicationProblem","decl":{"start":{"line":90,"column":41},"end":{"line":90,"column":68}},"loc":{"start":{"line":90,"column":72},"end":{"line":114,"column":1}},"line":90},"8":{"name":"randomDivisionProblem","decl":{"start":{"line":116,"column":35},"end":{"line":116,"column":56}},"loc":{"start":{"line":116,"column":60},"end":{"line":153,"column":1}},"line":116},"9":{"name":"(anonymous_9)","decl":{"start":{"line":127,"column":17},"end":{"line":127,"column":18}},"loc":{"start":{"line":127,"column":27},"end":{"line":133,"column":5}},"line":127},"10":{"name":"createExercise","decl":{"start":{"line":156,"column":9},"end":{"line":156,"column":23}},"loc":{"start":{"line":156,"column":26},"end":{"line":182,"column":1}},"line":156},"11":{"name":"insertText","decl":{"start":{"line":184,"column":9},"end":{"line":184,"column":19}},"loc":{"start":{"line":184,"column":26},"end":{"line":186,"column":1}},"line":184},"12":{"name":"listen","decl":{"start":{"line":188,"column":9},"end":{"line":188,"column":15}},"loc":{"start":{"line":188,"column":19},"end":{"line":252,"column":1}},"line":188},"13":{"name":"(anonymous_13)","decl":{"start":{"line":193,"column":62},"end":{"line":193,"column":63}},"loc":{"start":{"line":193,"column":73},"end":{"line":195,"column":5}},"line":193},"14":{"name":"(anonymous_14)","decl":{"start":{"line":197,"column":63},"end":{"line":197,"column":64}},"loc":{"start":{"line":197,"column":74},"end":{"line":199,"column":5}},"line":197},"15":{"name":"(anonymous_15)","decl":{"start":{"line":201,"column":63},"end":{"line":201,"column":64}},"loc":{"start":{"line":201,"column":74},"end":{"line":203,"column":5}},"line":201},"16":{"name":"(anonymous_16)","decl":{"start":{"line":205,"column":66},"end":{"line":205,"column":67}},"loc":{"start":{"line":205,"column":77},"end":{"line":207,"column":5}},"line":205},"17":{"name":"(anonymous_17)","decl":{"start":{"line":209,"column":64},"end":{"line":209,"column":65}},"loc":{"start":{"line":209,"column":80},"end":{"line":251,"column":5}},"line":209}},"branchMap":{"0":{"loc":{"start":{"line":16,"column":4},"end":{"line":28,"column":5}},"type":"switch","locations":[{"start":{"line":17,"column":8},"end":{"line":19,"column":30}},{"start":{"line":20,"column":8},"end":{"line":22,"column":32}},{"start":{"line":23,"column":8},"end":{"line":25,"column":32}},{"start":{"line":26,"column":8},"end":{"line":27,"column":30}}],"line":16},"1":{"loc":{"start":{"line":20,"column":14},"end":{"line":20,"column":59}},"type":"binary-expr","locations":[{"start":{"line":20,"column":14},"end":{"line":20,"column":35}},{"start":{"line":20,"column":39},"end":{"line":20,"column":59}}],"line":20},"2":{"loc":{"start":{"line":64,"column":8},"end":{"line":65,"column":22}},"type":"if","locations":[{"start":{"line":64,"column":8},"end":{"line":65,"column":22}},{"start":{"line":64,"column":8},"end":{"line":65,"column":22}}],"line":64},"3":{"loc":{"start":{"line":66,"column":8},"end":{"line":67,"column":21}},"type":"if","locations":[{"start":{"line":66,"column":8},"end":{"line":67,"column":21}},{"start":{"line":66,"column":8},"end":{"line":67,"column":21}}],"line":66},"4":{"loc":{"start":{"line":128,"column":8},"end":{"line":129,"column":22}},"type":"if","locations":[{"start":{"line":128,"column":8},"end":{"line":129,"column":22}},{"start":{"line":128,"column":8},"end":{"line":129,"column":22}}],"line":128},"5":{"loc":{"start":{"line":130,"column":8},"end":{"line":131,"column":21}},"type":"if","locations":[{"start":{"line":130,"column":8},"end":{"line":131,"column":21}},{"start":{"line":130,"column":8},"end":{"line":131,"column":21}}],"line":130},"6":{"loc":{"start":{"line":135,"column":4},"end":{"line":152,"column":5}},"type":"if","locations":[{"start":{"line":135,"column":4},"end":{"line":152,"column":5}},{"start":{"line":135,"column":4},"end":{"line":152,"column":5}}],"line":135},"7":{"loc":{"start":{"line":160,"column":4},"end":{"line":175,"column":5}},"type":"switch","locations":[{"start":{"line":161,"column":8},"end":{"line":163,"column":18}},{"start":{"line":164,"column":8},"end":{"line":166,"column":18}},{"start":{"line":167,"column":8},"end":{"line":169,"column":18}},{"start":{"line":170,"column":8},"end":{"line":172,"column":18}},{"start":{"line":173,"column":8},"end":{"line":174,"column":44}}],"line":160},"8":{"loc":{"start":{"line":210,"column":8},"end":{"line":250,"column":9}},"type":"if","locations":[{"start":{"line":210,"column":8},"end":{"line":250,"column":9}},{"start":{"line":210,"column":8},"end":{"line":250,"column":9}}],"line":210},"9":{"loc":{"start":{"line":212,"column":12},"end":{"line":243,"column":13}},"type":"if","locations":[{"start":{"line":212,"column":12},"end":{"line":243,"column":13}},{"start":{"line":212,"column":12},"end":{"line":243,"column":13}}],"line":212},"10":{"loc":{"start":{"line":216,"column":16},"end":{"line":232,"column":17}},"type":"switch","locations":[{"start":{"line":217,"column":20},"end":{"line":219,"column":30}},{"start":{"line":220,"column":20},"end":{"line":222,"column":30}},{"start":{"line":223,"column":20},"end":{"line":225,"column":30}},{"start":{"line":226,"column":20},"end":{"line":228,"column":30}},{"start":{"line":229,"column":20},"end":{"line":231,"column":30}}],"line":216},"11":{"loc":{"start":{"line":244,"column":12},"end":{"line":249,"column":13}},"type":"if","locations":[{"start":{"line":244,"column":12},"end":{"line":249,"column":13}},{"start":{"line":244,"column":12},"end":{"line":249,"column":13}}],"line":244}},"s":{"0":6,"1":6,"2":16,"3":16,"4":1,"5":4,"6":4,"7":4,"8":1,"9":1,"10":1,"11":1,"12":1,"13":3,"14":3,"15":3,"16":3,"17":8,"18":3,"19":8,"20":3,"21":3,"22":5,"23":3,"24":3,"25":3,"26":1,"27":3,"28":3,"29":3,"30":3,"31":8,"32":3,"33":7,"34":6,"35":1,"36":1,"37":0,"38":3,"39":3,"40":5,"41":3,"42":3,"43":3,"44":5,"45":3,"46":3,"47":3,"48":1,"49":3,"50":3,"51":3,"52":3,"53":6,"54":3,"55":3,"56":3,"57":3,"58":3,"59":3,"60":3,"61":3,"62":3,"63":1,"64":0,"65":0,"66":0,"67":0,"68":0,"69":0,"70":0,"71":0,"72":0,"73":0,"74":0,"75":0,"76":0,"77":0,"78":0,"79":0,"80":0,"81":0,"82":0,"83":0,"84":0,"85":0,"86":0,"87":0,"88":0,"89":0,"90":0,"91":0,"92":0,"93":0,"94":0,"95":0,"96":0,"97":0,"98":0,"99":0,"100":0,"101":0,"102":0,"103":0,"104":0,"105":0,"106":0,"107":0,"108":0,"109":0,"110":0,"111":0,"112":0,"113":0,"114":0,"115":0,"116":0,"117":0,"118":0,"119":0,"120":0,"121":0,"122":0,"123":0,"124":0,"125":0,"126":0,"127":0,"128":0,"129":0,"130":0,"131":0,"132":0,"133":0,"134":0,"135":0,"136":0,"137":0,"138":0,"139":0},"f":{"0":6,"1":16,"2":4,"3":3,"4":8,"5":3,"6":7,"7":3,"8":0,"9":0,"10":0,"11":0,"12":0,"13":0,"14":0,"15":0,"16":0,"17":0},"b":{"0":[1,1,1,1],"1":[3,2],"2":[6,1],"3":[1,0],"4":[0,0],"5":[0,0],"6":[0,0],"7":[0,0,0,0,0],"8":[0,0],"9":[0,0],"10":[0,0,0,0,0],"11":[0,0]},"_coverageSchema":"1a1c01bbd47fc00a2c39e90264f33305004495a9","hash":"af0afdfadc16e6e9cefc0343c7689b8cf1b78bdb"}
}
