{"C:\\Users\\runef\\Documents\\GitHub\\WebApp-p2\\Web2\\public\\javascripts\\leveling.js": {"path":"C:\\Users\\runef\\Documents\\GitHub\\WebApp-p2\\Web2\\public\\javascripts\\leveling.js","statementMap":{"0":{"start":{"line":3,"column":0},"end":{"line":24,"column":1}},"1":{"start":{"line":4,"column":16},"end":{"line":4,"column":36}},"2":{"start":{"line":5,"column":4},"end":{"line":22,"column":5}},"3":{"start":{"line":6,"column":8},"end":{"line":6,"column":23}},"4":{"start":{"line":7,"column":8},"end":{"line":7,"column":37}},"5":{"start":{"line":8,"column":8},"end":{"line":8,"column":48}},"6":{"start":{"line":9,"column":8},"end":{"line":16,"column":9}},"7":{"start":{"line":11,"column":12},"end":{"line":11,"column":61}},"8":{"start":{"line":15,"column":12},"end":{"line":15,"column":57}},"9":{"start":{"line":20,"column":24},"end":{"line":20,"column":29}},"10":{"start":{"line":21,"column":8},"end":{"line":21,"column":53}}},"fnMap":{"0":{"name":"leveling","decl":{"start":{"line":3,"column":35},"end":{"line":3,"column":43}},"loc":{"start":{"line":3,"column":92},"end":{"line":24,"column":1}},"line":3}},"branchMap":{"0":{"loc":{"start":{"line":5,"column":4},"end":{"line":22,"column":5}},"type":"if","locations":[{"start":{"line":5,"column":4},"end":{"line":22,"column":5}},{"start":{"line":5,"column":4},"end":{"line":22,"column":5}}],"line":5},"1":{"loc":{"start":{"line":9,"column":8},"end":{"line":16,"column":9}},"type":"if","locations":[{"start":{"line":9,"column":8},"end":{"line":16,"column":9}},{"start":{"line":9,"column":8},"end":{"line":16,"column":9}}],"line":9}},"s":{"0":1,"1":4,"2":4,"3":3,"4":3,"5":3,"6":3,"7":1,"8":2,"9":1,"10":1},"f":{"0":4},"b":{"0":[3,1],"1":[1,2]},"_coverageSchema":"1a1c01bbd47fc00a2c39e90264f33305004495a9","hash":"16fb4ecbad787e9f6bc30088aea2965ba15a04ee"}
,"C:\\Users\\runef\\Documents\\GitHub\\WebApp-p2\\Web2\\public\\javascripts\\randomMath.js": {"path":"C:\\Users\\runef\\Documents\\GitHub\\WebApp-p2\\Web2\\public\\javascripts\\randomMath.js","statementMap":{"0":{"start":{"line":3,"column":27},"end":{"line":3,"column":56}},"1":{"start":{"line":4,"column":4},"end":{"line":4,"column":28}},"2":{"start":{"line":8,"column":27},"end":{"line":8,"column":84}},"3":{"start":{"line":9,"column":4},"end":{"line":9,"column":28}},"4":{"start":{"line":12,"column":0},"end":{"line":29,"column":1}},"5":{"start":{"line":13,"column":26},"end":{"line":13,"column":61}},"6":{"start":{"line":14,"column":21},"end":{"line":14,"column":22}},"7":{"start":{"line":16,"column":4},"end":{"line":28,"column":5}},"8":{"start":{"line":19,"column":12},"end":{"line":19,"column":30}},"9":{"start":{"line":22,"column":12},"end":{"line":22,"column":32}},"10":{"start":{"line":25,"column":12},"end":{"line":25,"column":32}},"11":{"start":{"line":27,"column":12},"end":{"line":27,"column":30}},"12":{"start":{"line":31,"column":0},"end":{"line":52,"column":1}},"13":{"start":{"line":32,"column":15},"end":{"line":32,"column":16}},"14":{"start":{"line":33,"column":27},"end":{"line":33,"column":45}},"15":{"start":{"line":34,"column":18},"end":{"line":34,"column":20}},"16":{"start":{"line":36,"column":4},"end":{"line":38,"column":5}},"17":{"start":{"line":37,"column":8},"end":{"line":37,"column":66}},"18":{"start":{"line":40,"column":17},"end":{"line":42,"column":9}},"19":{"start":{"line":41,"column":8},"end":{"line":41,"column":25}},"20":{"start":{"line":44,"column":4},"end":{"line":46,"column":5}},"21":{"start":{"line":44,"column":14},"end":{"line":44,"column":15}},"22":{"start":{"line":45,"column":8},"end":{"line":45,"column":36}},"23":{"start":{"line":48,"column":18},"end":{"line":48,"column":34}},"24":{"start":{"line":49,"column":21},"end":{"line":49,"column":22}},"25":{"start":{"line":51,"column":4},"end":{"line":51,"column":46}},"26":{"start":{"line":54,"column":0},"end":{"line":87,"column":1}},"27":{"start":{"line":55,"column":15},"end":{"line":55,"column":16}},"28":{"start":{"line":56,"column":27},"end":{"line":56,"column":45}},"29":{"start":{"line":57,"column":18},"end":{"line":57,"column":20}},"30":{"start":{"line":59,"column":4},"end":{"line":61,"column":5}},"31":{"start":{"line":60,"column":8},"end":{"line":60,"column":66}},"32":{"start":{"line":63,"column":4},"end":{"line":69,"column":7}},"33":{"start":{"line":64,"column":8},"end":{"line":65,"column":22}},"34":{"start":{"line":65,"column":12},"end":{"line":65,"column":22}},"35":{"start":{"line":66,"column":8},"end":{"line":67,"column":21}},"36":{"start":{"line":67,"column":12},"end":{"line":67,"column":21}},"37":{"start":{"line":68,"column":8},"end":{"line":68,"column":17}},"38":{"start":{"line":71,"column":17},"end":{"line":71,"column":27}},"39":{"start":{"line":72,"column":4},"end":{"line":74,"column":5}},"40":{"start":{"line":73,"column":8},"end":{"line":73,"column":36}},"41":{"start":{"line":76,"column":21},"end":{"line":76,"column":50}},"42":{"start":{"line":78,"column":4},"end":{"line":80,"column":5}},"43":{"start":{"line":78,"column":14},"end":{"line":78,"column":15}},"44":{"start":{"line":79,"column":8},"end":{"line":79,"column":36}},"45":{"start":{"line":82,"column":18},"end":{"line":82,"column":34}},"46":{"start":{"line":84,"column":21},"end":{"line":84,"column":22}},"47":{"start":{"line":86,"column":4},"end":{"line":86,"column":46}},"48":{"start":{"line":90,"column":0},"end":{"line":114,"column":1}},"49":{"start":{"line":91,"column":15},"end":{"line":91,"column":16}},"50":{"start":{"line":92,"column":27},"end":{"line":92,"column":28}},"51":{"start":{"line":93,"column":18},"end":{"line":93,"column":20}},"52":{"start":{"line":95,"column":4},"end":{"line":97,"column":5}},"53":{"start":{"line":96,"column":8},"end":{"line":96,"column":49}},"54":{"start":{"line":99,"column":17},"end":{"line":99,"column":27}},"55":{"start":{"line":100,"column":4},"end":{"line":102,"column":5}},"56":{"start":{"line":101,"column":8},"end":{"line":101,"column":36}},"57":{"start":{"line":104,"column":4},"end":{"line":106,"column":5}},"58":{"start":{"line":104,"column":14},"end":{"line":104,"column":15}},"59":{"start":{"line":105,"column":8},"end":{"line":105,"column":36}},"60":{"start":{"line":108,"column":18},"end":{"line":108,"column":34}},"61":{"start":{"line":110,"column":21},"end":{"line":110,"column":22}},"62":{"start":{"line":112,"column":4},"end":{"line":112,"column":46}},"63":{"start":{"line":116,"column":0},"end":{"line":136,"column":5}},"64":{"start":{"line":117,"column":19},"end":{"line":117,"column":20}},"65":{"start":{"line":118,"column":31},"end":{"line":118,"column":32}},"66":{"start":{"line":119,"column":22},"end":{"line":119,"column":24}},"67":{"start":{"line":121,"column":21},"end":{"line":121,"column":48}},"68":{"start":{"line":123,"column":8},"end":{"line":123,"column":49}},"69":{"start":{"line":124,"column":8},"end":{"line":124,"column":39}},"70":{"start":{"line":126,"column":8},"end":{"line":128,"column":9}},"71":{"start":{"line":126,"column":18},"end":{"line":126,"column":19}},"72":{"start":{"line":127,"column":12},"end":{"line":127,"column":40}},"73":{"start":{"line":129,"column":22},"end":{"line":129,"column":38}},"74":{"start":{"line":130,"column":25},"end":{"line":130,"column":48}},"75":{"start":{"line":132,"column":25},"end":{"line":132,"column":26}},"76":{"start":{"line":134,"column":8},"end":{"line":134,"column":50}},"77":{"start":{"line":143,"column":4},"end":{"line":158,"column":5}},"78":{"start":{"line":145,"column":12},"end":{"line":145,"column":74}},"79":{"start":{"line":146,"column":12},"end":{"line":146,"column":18}},"80":{"start":{"line":148,"column":12},"end":{"line":148,"column":77}},"81":{"start":{"line":149,"column":12},"end":{"line":149,"column":18}},"82":{"start":{"line":151,"column":12},"end":{"line":151,"column":80}},"83":{"start":{"line":152,"column":12},"end":{"line":152,"column":18}},"84":{"start":{"line":154,"column":12},"end":{"line":154,"column":74}},"85":{"start":{"line":155,"column":12},"end":{"line":155,"column":18}},"86":{"start":{"line":157,"column":12},"end":{"line":157,"column":44}},"87":{"start":{"line":161,"column":4},"end":{"line":161,"column":47}},"88":{"start":{"line":163,"column":4},"end":{"line":163,"column":24}},"89":{"start":{"line":164,"column":4},"end":{"line":164,"column":37}},"90":{"start":{"line":168,"column":4},"end":{"line":168,"column":56}},"91":{"start":{"line":173,"column":15},"end":{"line":173,"column":16}},"92":{"start":{"line":174,"column":16},"end":{"line":174,"column":17}},"93":{"start":{"line":176,"column":4},"end":{"line":178,"column":7}},"94":{"start":{"line":177,"column":8},"end":{"line":177,"column":55}},"95":{"start":{"line":180,"column":4},"end":{"line":182,"column":7}},"96":{"start":{"line":181,"column":8},"end":{"line":181,"column":55}},"97":{"start":{"line":184,"column":4},"end":{"line":186,"column":7}},"98":{"start":{"line":185,"column":8},"end":{"line":185,"column":55}},"99":{"start":{"line":188,"column":4},"end":{"line":190,"column":7}},"100":{"start":{"line":189,"column":8},"end":{"line":189,"column":55}},"101":{"start":{"line":192,"column":4},"end":{"line":234,"column":7}},"102":{"start":{"line":193,"column":8},"end":{"line":233,"column":9}},"103":{"start":{"line":194,"column":29},"end":{"line":194,"column":68}},"104":{"start":{"line":195,"column":12},"end":{"line":226,"column":13}},"105":{"start":{"line":197,"column":16},"end":{"line":197,"column":39}},"106":{"start":{"line":198,"column":16},"end":{"line":198,"column":69}},"107":{"start":{"line":199,"column":16},"end":{"line":215,"column":17}},"108":{"start":{"line":201,"column":24},"end":{"line":201,"column":74}},"109":{"start":{"line":202,"column":24},"end":{"line":202,"column":30}},"110":{"start":{"line":204,"column":24},"end":{"line":204,"column":75}},"111":{"start":{"line":205,"column":24},"end":{"line":205,"column":30}},"112":{"start":{"line":207,"column":24},"end":{"line":207,"column":75}},"113":{"start":{"line":208,"column":24},"end":{"line":208,"column":30}},"114":{"start":{"line":210,"column":24},"end":{"line":210,"column":78}},"115":{"start":{"line":211,"column":24},"end":{"line":211,"column":30}},"116":{"start":{"line":213,"column":24},"end":{"line":213,"column":75}},"117":{"start":{"line":214,"column":24},"end":{"line":214,"column":30}},"118":{"start":{"line":216,"column":16},"end":{"line":216,"column":88}},"119":{"start":{"line":218,"column":16},"end":{"line":218,"column":61}},"120":{"start":{"line":221,"column":16},"end":{"line":221,"column":90}},"121":{"start":{"line":222,"column":16},"end":{"line":222,"column":24}},"122":{"start":{"line":223,"column":16},"end":{"line":223,"column":46}},"123":{"start":{"line":224,"column":16},"end":{"line":224,"column":55}},"124":{"start":{"line":225,"column":16},"end":{"line":225,"column":61}},"125":{"start":{"line":227,"column":12},"end":{"line":232,"column":13}},"126":{"start":{"line":228,"column":16},"end":{"line":228,"column":118}},"127":{"start":{"line":229,"column":16},"end":{"line":229,"column":26}},"128":{"start":{"line":230,"column":16},"end":{"line":230,"column":66}},"129":{"start":{"line":231,"column":16},"end":{"line":231,"column":61}}},"fnMap":{"0":{"name":"randomDifficulty","decl":{"start":{"line":2,"column":9},"end":{"line":2,"column":25}},"loc":{"start":{"line":2,"column":29},"end":{"line":5,"column":1}},"line":2},"1":{"name":"numberDifficulty","decl":{"start":{"line":7,"column":9},"end":{"line":7,"column":25}},"loc":{"start":{"line":7,"column":29},"end":{"line":10,"column":1}},"line":7},"2":{"name":"CalculateXp","decl":{"start":{"line":12,"column":38},"end":{"line":12,"column":49}},"loc":{"start":{"line":12,"column":87},"end":{"line":29,"column":1}},"line":12},"3":{"name":"randomAdditionProblem","decl":{"start":{"line":31,"column":35},"end":{"line":31,"column":56}},"loc":{"start":{"line":31,"column":60},"end":{"line":52,"column":1}},"line":31},"4":{"name":"(anonymous_4)","decl":{"start":{"line":40,"column":32},"end":{"line":40,"column":33}},"loc":{"start":{"line":40,"column":51},"end":{"line":42,"column":5}},"line":40},"5":{"name":"randomSubtractionProblem","decl":{"start":{"line":54,"column":38},"end":{"line":54,"column":62}},"loc":{"start":{"line":54,"column":66},"end":{"line":87,"column":1}},"line":54},"6":{"name":"(anonymous_6)","decl":{"start":{"line":63,"column":17},"end":{"line":63,"column":18}},"loc":{"start":{"line":63,"column":27},"end":{"line":69,"column":5}},"line":63},"7":{"name":"randomMultiplicationProblem","decl":{"start":{"line":90,"column":41},"end":{"line":90,"column":68}},"loc":{"start":{"line":90,"column":72},"end":{"line":114,"column":1}},"line":90},"8":{"name":"randomDivisionProblem","decl":{"start":{"line":116,"column":35},"end":{"line":116,"column":56}},"loc":{"start":{"line":116,"column":60},"end":{"line":136,"column":5}},"line":116},"9":{"name":"createExercise","decl":{"start":{"line":139,"column":9},"end":{"line":139,"column":23}},"loc":{"start":{"line":139,"column":26},"end":{"line":165,"column":1}},"line":139},"10":{"name":"insertText","decl":{"start":{"line":167,"column":9},"end":{"line":167,"column":19}},"loc":{"start":{"line":167,"column":26},"end":{"line":169,"column":1}},"line":167},"11":{"name":"listen","decl":{"start":{"line":171,"column":9},"end":{"line":171,"column":15}},"loc":{"start":{"line":171,"column":19},"end":{"line":235,"column":1}},"line":171},"12":{"name":"(anonymous_12)","decl":{"start":{"line":176,"column":62},"end":{"line":176,"column":63}},"loc":{"start":{"line":176,"column":73},"end":{"line":178,"column":5}},"line":176},"13":{"name":"(anonymous_13)","decl":{"start":{"line":180,"column":63},"end":{"line":180,"column":64}},"loc":{"start":{"line":180,"column":74},"end":{"line":182,"column":5}},"line":180},"14":{"name":"(anonymous_14)","decl":{"start":{"line":184,"column":63},"end":{"line":184,"column":64}},"loc":{"start":{"line":184,"column":74},"end":{"line":186,"column":5}},"line":184},"15":{"name":"(anonymous_15)","decl":{"start":{"line":188,"column":66},"end":{"line":188,"column":67}},"loc":{"start":{"line":188,"column":77},"end":{"line":190,"column":5}},"line":188},"16":{"name":"(anonymous_16)","decl":{"start":{"line":192,"column":64},"end":{"line":192,"column":65}},"loc":{"start":{"line":192,"column":80},"end":{"line":234,"column":5}},"line":192}},"branchMap":{"0":{"loc":{"start":{"line":16,"column":4},"end":{"line":28,"column":5}},"type":"switch","locations":[{"start":{"line":17,"column":8},"end":{"line":19,"column":30}},{"start":{"line":20,"column":8},"end":{"line":22,"column":32}},{"start":{"line":23,"column":8},"end":{"line":25,"column":32}},{"start":{"line":26,"column":8},"end":{"line":27,"column":30}}],"line":16},"1":{"loc":{"start":{"line":20,"column":14},"end":{"line":20,"column":59}},"type":"binary-expr","locations":[{"start":{"line":20,"column":14},"end":{"line":20,"column":35}},{"start":{"line":20,"column":39},"end":{"line":20,"column":59}}],"line":20},"2":{"loc":{"start":{"line":64,"column":8},"end":{"line":65,"column":22}},"type":"if","locations":[{"start":{"line":64,"column":8},"end":{"line":65,"column":22}},{"start":{"line":64,"column":8},"end":{"line":65,"column":22}}],"line":64},"3":{"loc":{"start":{"line":66,"column":8},"end":{"line":67,"column":21}},"type":"if","locations":[{"start":{"line":66,"column":8},"end":{"line":67,"column":21}},{"start":{"line":66,"column":8},"end":{"line":67,"column":21}}],"line":66},"4":{"loc":{"start":{"line":143,"column":4},"end":{"line":158,"column":5}},"type":"switch","locations":[{"start":{"line":144,"column":8},"end":{"line":146,"column":18}},{"start":{"line":147,"column":8},"end":{"line":149,"column":18}},{"start":{"line":150,"column":8},"end":{"line":152,"column":18}},{"start":{"line":153,"column":8},"end":{"line":155,"column":18}},{"start":{"line":156,"column":8},"end":{"line":157,"column":44}}],"line":143},"5":{"loc":{"start":{"line":193,"column":8},"end":{"line":233,"column":9}},"type":"if","locations":[{"start":{"line":193,"column":8},"end":{"line":233,"column":9}},{"start":{"line":193,"column":8},"end":{"line":233,"column":9}}],"line":193},"6":{"loc":{"start":{"line":195,"column":12},"end":{"line":226,"column":13}},"type":"if","locations":[{"start":{"line":195,"column":12},"end":{"line":226,"column":13}},{"start":{"line":195,"column":12},"end":{"line":226,"column":13}}],"line":195},"7":{"loc":{"start":{"line":199,"column":16},"end":{"line":215,"column":17}},"type":"switch","locations":[{"start":{"line":200,"column":20},"end":{"line":202,"column":30}},{"start":{"line":203,"column":20},"end":{"line":205,"column":30}},{"start":{"line":206,"column":20},"end":{"line":208,"column":30}},{"start":{"line":209,"column":20},"end":{"line":211,"column":30}},{"start":{"line":212,"column":20},"end":{"line":214,"column":30}}],"line":199},"8":{"loc":{"start":{"line":227,"column":12},"end":{"line":232,"column":13}},"type":"if","locations":[{"start":{"line":227,"column":12},"end":{"line":232,"column":13}},{"start":{"line":227,"column":12},"end":{"line":232,"column":13}}],"line":227}},"s":{"0":6,"1":6,"2":21,"3":21,"4":1,"5":4,"6":4,"7":4,"8":1,"9":1,"10":1,"11":1,"12":1,"13":3,"14":3,"15":3,"16":3,"17":11,"18":3,"19":11,"20":3,"21":3,"22":8,"23":3,"24":3,"25":3,"26":1,"27":3,"28":3,"29":3,"30":3,"31":10,"32":3,"33":12,"34":5,"35":7,"36":6,"37":1,"38":3,"39":3,"40":7,"41":3,"42":3,"43":3,"44":7,"45":3,"46":3,"47":3,"48":1,"49":3,"50":3,"51":3,"52":3,"53":6,"54":3,"55":3,"56":3,"57":3,"58":3,"59":3,"60":3,"61":3,"62":3,"63":1,"64":3,"65":3,"66":3,"67":3,"68":3,"69":3,"70":3,"71":3,"72":3,"73":3,"74":3,"75":3,"76":3,"77":0,"78":0,"79":0,"80":0,"81":0,"82":0,"83":0,"84":0,"85":0,"86":0,"87":0,"88":0,"89":0,"90":0,"91":0,"92":0,"93":0,"94":0,"95":0,"96":0,"97":0,"98":0,"99":0,"100":0,"101":0,"102":0,"103":0,"104":0,"105":0,"106":0,"107":0,"108":0,"109":0,"110":0,"111":0,"112":0,"113":0,"114":0,"115":0,"116":0,"117":0,"118":0,"119":0,"120":0,"121":0,"122":0,"123":0,"124":0,"125":0,"126":0,"127":0,"128":0,"129":0},"f":{"0":6,"1":21,"2":4,"3":3,"4":11,"5":3,"6":12,"7":3,"8":3,"9":0,"10":0,"11":0,"12":0,"13":0,"14":0,"15":0,"16":0},"b":{"0":[1,1,1,1],"1":[3,2],"2":[5,7],"3":[6,1],"4":[0,0,0,0,0],"5":[0,0],"6":[0,0],"7":[0,0,0,0,0],"8":[0,0]},"_coverageSchema":"1a1c01bbd47fc00a2c39e90264f33305004495a9","hash":"805fabf75e141f4b17fdd4a551023077781ba25b"}
}
