TN:
SF:Web2\public\javascripts\leveling.js
FN:3,leveling
FNF:1
FNH:1
FNDA:4,leveling
DA:3,1
DA:4,4
DA:5,4
DA:6,3
DA:7,3
DA:8,3
DA:9,3
DA:11,1
DA:15,2
DA:20,1
DA:21,1
LF:11
LH:11
BRDA:5,0,0,3
BRDA:5,0,1,1
BRDA:9,1,0,1
BRDA:9,1,1,2
BRF:4
BRH:4
end_of_record
TN:
SF:Web2\public\javascripts\randomMath.js
FN:2,randomDifficulty
FN:7,numberDifficulty
FN:12,CalculateXp
FN:31,randomAdditionProblem
FN:40,(anonymous_4)
FN:54,randomSubtractionProblem
FN:63,(anonymous_6)
FN:90,randomMultiplicationProblem
FN:116,randomDivisionProblem
FN:139,createExercise
FN:167,insertText
FN:171,listen
FN:176,(anonymous_12)
FN:180,(anonymous_13)
FN:184,(anonymous_14)
FN:188,(anonymous_15)
FN:192,(anonymous_16)
FNF:17
FNH:9
FNDA:6,randomDifficulty
FNDA:21,numberDifficulty
FNDA:4,CalculateXp
FNDA:3,randomAdditionProblem
FNDA:11,(anonymous_4)
FNDA:3,randomSubtractionProblem
FNDA:12,(anonymous_6)
FNDA:3,randomMultiplicationProblem
FNDA:3,randomDivisionProblem
FNDA:0,createExercise
FNDA:0,insertText
FNDA:0,listen
FNDA:0,(anonymous_12)
FNDA:0,(anonymous_13)
FNDA:0,(anonymous_14)
FNDA:0,(anonymous_15)
FNDA:0,(anonymous_16)
DA:3,6
DA:4,6
DA:8,21
DA:9,21
DA:12,1
DA:13,4
DA:14,4
DA:16,4
DA:19,1
DA:22,1
DA:25,1
DA:27,1
DA:31,1
DA:32,3
DA:33,3
DA:34,3
DA:36,3
DA:37,11
DA:40,3
DA:41,11
DA:44,3
DA:45,8
DA:48,3
DA:49,3
DA:51,3
DA:54,1
DA:55,3
DA:56,3
DA:57,3
DA:59,3
DA:60,10
DA:63,3
DA:64,12
DA:65,5
DA:66,7
DA:67,6
DA:68,1
DA:71,3
DA:72,3
DA:73,7
DA:76,3
DA:78,3
DA:79,7
DA:82,3
DA:84,3
DA:86,3
DA:90,1
DA:91,3
DA:92,3
DA:93,3
DA:95,3
DA:96,6
DA:99,3
DA:100,3
DA:101,3
DA:104,3
DA:105,3
DA:108,3
DA:110,3
DA:112,3
DA:116,1
DA:117,3
DA:118,3
DA:119,3
DA:121,3
DA:123,3
DA:124,3
DA:126,3
DA:127,3
DA:129,3
DA:130,3
DA:132,3
DA:134,3
DA:143,0
DA:145,0
DA:146,0
DA:148,0
DA:149,0
DA:151,0
DA:152,0
DA:154,0
DA:155,0
DA:157,0
DA:161,0
DA:163,0
DA:164,0
DA:168,0
DA:173,0
DA:174,0
DA:176,0
DA:177,0
DA:180,0
DA:181,0
DA:184,0
DA:185,0
DA:188,0
DA:189,0
DA:192,0
DA:193,0
DA:194,0
DA:195,0
DA:197,0
DA:198,0
DA:199,0
DA:201,0
DA:202,0
DA:204,0
DA:205,0
DA:207,0
DA:208,0
DA:210,0
DA:211,0
DA:213,0
DA:214,0
DA:216,0
DA:218,0
DA:221,0
DA:222,0
DA:223,0
DA:224,0
DA:225,0
DA:227,0
DA:228,0
DA:229,0
DA:230,0
DA:231,0
LF:126
LH:73
BRDA:16,0,0,1
BRDA:16,0,1,1
BRDA:16,0,2,1
BRDA:16,0,3,1
BRDA:20,1,0,3
BRDA:20,1,1,2
BRDA:64,2,0,5
BRDA:64,2,1,7
BRDA:66,3,0,6
BRDA:66,3,1,1
BRDA:143,4,0,0
BRDA:143,4,1,0
BRDA:143,4,2,0
BRDA:143,4,3,0
BRDA:143,4,4,0
BRDA:193,5,0,0
BRDA:193,5,1,0
BRDA:195,6,0,0
BRDA:195,6,1,0
BRDA:199,7,0,0
BRDA:199,7,1,0
BRDA:199,7,2,0
BRDA:199,7,3,0
BRDA:199,7,4,0
BRDA:227,8,0,0
BRDA:227,8,1,0
BRF:26
BRH:10
end_of_record
