TN:
SF:Web2\public\javascripts\leveling.js
FN:3,leveling
FNF:1
FNH:1
FNDA:4,leveling
DA:3,1
DA:4,4
DA:5,4
DA:6,3
DA:7,3
DA:8,3
DA:9,3
DA:11,1
DA:15,2
DA:20,1
DA:21,1
LF:11
LH:11
BRDA:5,0,0,3
BRDA:5,0,1,1
BRDA:9,1,0,1
BRDA:9,1,1,2
BRF:4
BRH:4
end_of_record
TN:
SF:Web2\public\javascripts\randomMath.js
FN:2,randomDifficulty
FN:7,numberDifficulty
FN:12,CalculateXp
FN:31,randomAdditionProblem
FN:40,(anonymous_4)
FN:54,randomSubtractionProblem
FN:63,(anonymous_6)
FN:90,randomMultiplicationProblem
FN:116,randomDivisionProblem
FN:127,(anonymous_9)
FN:156,createExercise
FN:184,insertText
FN:188,listen
FN:193,(anonymous_13)
FN:197,(anonymous_14)
FN:201,(anonymous_15)
FN:205,(anonymous_16)
FN:209,(anonymous_17)
FNF:18
FNH:8
FNDA:6,randomDifficulty
FNDA:16,numberDifficulty
FNDA:4,CalculateXp
FNDA:3,randomAdditionProblem
FNDA:8,(anonymous_4)
FNDA:3,randomSubtractionProblem
FNDA:7,(anonymous_6)
FNDA:3,randomMultiplicationProblem
FNDA:0,randomDivisionProblem
FNDA:0,(anonymous_9)
FNDA:0,createExercise
FNDA:0,insertText
FNDA:0,listen
FNDA:0,(anonymous_13)
FNDA:0,(anonymous_14)
FNDA:0,(anonymous_15)
FNDA:0,(anonymous_16)
FNDA:0,(anonymous_17)
DA:3,6
DA:4,6
DA:8,16
DA:9,16
DA:12,1
DA:13,4
DA:14,4
DA:16,4
DA:19,1
DA:22,1
DA:25,1
DA:27,1
DA:31,1
DA:32,3
DA:33,3
DA:34,3
DA:36,3
DA:37,8
DA:40,3
DA:41,8
DA:44,3
DA:45,5
DA:48,3
DA:49,3
DA:51,3
DA:54,1
DA:55,3
DA:56,3
DA:57,3
DA:59,3
DA:60,8
DA:63,3
DA:64,7
DA:65,6
DA:66,1
DA:67,1
DA:68,0
DA:71,3
DA:72,3
DA:73,5
DA:76,3
DA:78,3
DA:79,5
DA:82,3
DA:84,3
DA:86,3
DA:90,1
DA:91,3
DA:92,3
DA:93,3
DA:95,3
DA:96,6
DA:99,3
DA:100,3
DA:101,3
DA:104,3
DA:105,3
DA:108,3
DA:110,3
DA:112,3
DA:116,1
DA:117,0
DA:118,0
DA:119,0
DA:120,0
DA:122,0
DA:123,0
DA:124,0
DA:127,0
DA:128,0
DA:129,0
DA:130,0
DA:131,0
DA:132,0
DA:135,0
DA:136,0
DA:139,0
DA:141,0
DA:143,0
DA:144,0
DA:147,0
DA:149,0
DA:151,0
DA:160,0
DA:162,0
DA:163,0
DA:165,0
DA:166,0
DA:168,0
DA:169,0
DA:171,0
DA:172,0
DA:174,0
DA:178,0
DA:180,0
DA:181,0
DA:185,0
DA:190,0
DA:191,0
DA:193,0
DA:194,0
DA:197,0
DA:198,0
DA:201,0
DA:202,0
DA:205,0
DA:206,0
DA:209,0
DA:210,0
DA:211,0
DA:212,0
DA:214,0
DA:215,0
DA:216,0
DA:218,0
DA:219,0
DA:221,0
DA:222,0
DA:224,0
DA:225,0
DA:227,0
DA:228,0
DA:230,0
DA:231,0
DA:233,0
DA:235,0
DA:238,0
DA:239,0
DA:240,0
DA:241,0
DA:242,0
DA:244,0
DA:245,0
DA:246,0
DA:247,0
DA:248,0
LF:136
LH:60
BRDA:16,0,0,1
BRDA:16,0,1,1
BRDA:16,0,2,1
BRDA:16,0,3,1
BRDA:20,1,0,3
BRDA:20,1,1,2
BRDA:64,2,0,6
BRDA:64,2,1,1
BRDA:66,3,0,1
BRDA:66,3,1,0
BRDA:128,4,0,0
BRDA:128,4,1,0
BRDA:130,5,0,0
BRDA:130,5,1,0
BRDA:135,6,0,0
BRDA:135,6,1,0
BRDA:160,7,0,0
BRDA:160,7,1,0
BRDA:160,7,2,0
BRDA:160,7,3,0
BRDA:160,7,4,0
BRDA:210,8,0,0
BRDA:210,8,1,0
BRDA:212,9,0,0
BRDA:212,9,1,0
BRDA:216,10,0,0
BRDA:216,10,1,0
BRDA:216,10,2,0
BRDA:216,10,3,0
BRDA:216,10,4,0
BRDA:244,11,0,0
BRDA:244,11,1,0
BRF:32
BRH:9
end_of_record
